<?xml version="1.0" encoding="UTF-8"?>
<testng-results ignored="0" total="1" passed="1" failed="0" skipped="0">
  <reporter-output>
  </reporter-output>
  <suite started-at="2024-05-20T18:16:22 EDT" name="MyTestSuite" finished-at="2024-05-20T18:16:52 EDT" duration-ms="30301">
    <groups>
    </groups>
    <test started-at="2024-05-20T18:16:22 EDT" name="MyTest" finished-at="2024-05-20T18:16:52 EDT" duration-ms="30301">
      <class name="testClass.TestCase1">
        <test-method is-config="true" signature="setup()[pri:0, instance:testClass.TestCase1@1eb5174b]" started-at="2024-05-20T18:16:22 EDT" name="setup" finished-at="2024-05-20T18:16:24 EDT" duration-ms="2342" status="PASS">
          <reporter-output>
          </reporter-output>
        </test-method> <!-- setup -->
        <test-method signature="LoginPage()[pri:0, instance:testClass.TestCase1@1eb5174b]" started-at="2024-05-20T18:16:24 EDT" name="LoginPage" finished-at="2024-05-20T18:16:51 EDT" duration-ms="27295" status="PASS">
          <reporter-output>
          </reporter-output>
        </test-method> <!-- LoginPage -->
        <test-method is-config="true" signature="endTest()[pri:0, instance:testClass.TestCase1@1eb5174b]" started-at="2024-05-20T18:16:51 EDT" name="endTest" finished-at="2024-05-20T18:16:52 EDT" duration-ms="635" status="PASS">
          <reporter-output>
          </reporter-output>
        </test-method> <!-- endTest -->
      </class> <!-- testClass.TestCase1 -->
    </test> <!-- MyTest -->
  </suite> <!-- MyTestSuite -->
</testng-results>
