<?xml version="1.0" encoding="UTF-8"?>
<testsuite xmlns:xsi="http://www.w3.org/2001/XMLSchema-instance" xsi:noNamespaceSchemaLocation="https://maven.apache.org/surefire/maven-surefire-plugin/xsd/surefire-test-report-3.0.xsd" version="3.0" name="TestSuite" time="30.702" tests="1" errors="0" skipped="0" failures="0">
  <properties>
[...]
</properties>
  <testcase name="LoginPage" classname="testClass.TestCase1" time="27.29">
    <system-out><![CDATA[[Configuration] [WARN] Detected a static method [commonClass.Hooks.setup()]. Static configuration methods can cause  unexpected behavior.
Starting Webdriver
Initialize Extent Report
Successfully entered Username
Successfully entered pwd
Successfully click on Login Button
]]></system-out>
    <system-err><![CDATA[Starting ChromeDriver 124.0.6367.201 (46cf136d27d50afd9c618d164a3b95b3b62d0027-refs/branch-heads/6367@{#1130}) on port 32253
Only local connections are allowed.
Please see https://chromedriver.chromium.org/security-considerations for suggestions on keeping ChromeDriver safe.
ChromeDriver was started successfully.
May 20, 2024 6:16:24 PM org.openqa.selenium.remote.ProtocolHandshake createSession
INFO: Detected dialect: W3C
]]></system-err>
  </testcase>
</testsuite>